nohup: ignoring input
start 12:40:10
12:58:30
truy cap thanh cong
12:59:40
click thanh cong
lay du lieu thanh cong
luu thanh cong 13:02:12
15 Tiên - Nhỏ
13:58:30
truy cap thanh cong
13:59:40
click thanh cong
lay du lieu thanh cong
luu thanh cong 14:02:13
16 Tiên - Nhỏ
14:58:30
truy cap thanh cong
14:59:40
click thanh cong
lay du lieu thanh cong
luu thanh cong 15:02:12
17 Ma - Lớn
15:58:30
truy cap thanh cong
15:59:40
click thanh cong
lay du lieu thanh cong
luu thanh cong 16:02:12
18 Ma - Lớn
16:58:30
truy cap thanh cong
16:59:40
click thanh cong
lay du lieu thanh cong
luu thanh cong 17:02:12
19 Ma - Lớn
17:58:30
truy cap thanh cong
17:59:40
click thanh cong
lay du lieu thanh cong
luu thanh cong 18:02:12
20 Tiên - Nhỏ
18:58:30
truy cap thanh cong
18:59:40
click thanh cong
lay du lieu thanh cong
luu thanh cong 19:02:12
21 Tiên - Lớn
19:58:30
truy cap thanh cong
19:59:40
click thanh cong
lay du lieu thanh cong
luu thanh cong 20:02:12
22 Ma - Lớn
20:58:30
truy cap thanh cong
20:59:40
click thanh cong
lay du lieu thanh cong
luu thanh cong 21:02:12
23 Ma - Lớn
21:58:30
truy cap thanh cong
21:59:40
click thanh cong
lay du lieu thanh cong
luu thanh cong 22:02:13
24 Tiên - Nhỏ
22:58:30
truy cap thanh cong
22:59:40
click thanh cong
lay du lieu thanh cong
luu thanh cong 23:02:13
25 Tiên - Lớn
