[14213:14213:0901/115831.077192:WARNING:chrome_main_delegate.cc(742)] This is Chrome version 128.0.6613.84 (not a warning)
[14213:14232:0901/115831.146244:ERROR:object_proxy.cc(576)] Failed to call method: org.freedesktop.DBus.ListActivatableNames: object_path= /org/freedesktop/DBus: org.freedesktop.DBus.Error.AccessDenied: An AppArmor policy prevents this sender from sending this message to this recipient; type="method_call", sender=":1.164" (uid=1000 pid=14213 comm="/snap/chromium/2934/usr/lib/chromium-browser/chrom" label="snap.chromium.chromedriver (enforce)") interface="org.freedesktop.DBus" member="ListActivatableNames" error name="(unset)" requested_reply="0" destination="org.freedesktop.DBus" (bus)
[14246:14246:0901/115831.174986:WARNING:sandbox_linux.cc(430)] InitializeSandbox() called with multiple threads in process gpu-process.
[14213:14213:0901/115831.192445:WARNING:account_consistency_mode_manager.cc(77)] Desktop Identity Consistency cannot be enabled as no OAuth client ID and client secret have been configured.
[14213:14232:0901/115831.201294:ERROR:object_proxy.cc(576)] Failed to call method: org.freedesktop.DBus.ListActivatableNames: object_path= /org/freedesktop/DBus: org.freedesktop.DBus.Error.AccessDenied: An AppArmor policy prevents this sender from sending this message to this recipient; type="method_call", sender=":1.166" (uid=1000 pid=14213 comm="/snap/chromium/2934/usr/lib/chromium-browser/chrom" label="snap.chromium.chromedriver (enforce)") interface="org.freedesktop.DBus" member="ListActivatableNames" error name="(unset)" requested_reply="0" destination="org.freedesktop.DBus" (bus)
[14213:14213:0901/115831.320574:WARNING:bluez_dbus_manager.cc(248)] Floss manager not present, cannot set Floss enable/disable.
[14213:14298:0901/115831.345390:ERROR:object_proxy.cc(576)] Failed to call method: org.freedesktop.DBus.Properties.Get: object_path= /org/freedesktop/UPower: org.freedesktop.DBus.Error.ServiceUnknown: The name org.freedesktop.UPower was not provided by any .service files
[14213:14298:0901/115831.345416:WARNING:property.cc(149)] DaemonVersion: GetAndBlock: failed.
[14213:14298:0901/115831.345650:ERROR:object_proxy.cc(576)] Failed to call method: org.freedesktop.UPower.GetDisplayDevice: object_path= /org/freedesktop/UPower: org.freedesktop.DBus.Error.ServiceUnknown: The name org.freedesktop.UPower was not provided by any .service files
[14213:14298:0901/115831.345895:ERROR:object_proxy.cc(576)] Failed to call method: org.freedesktop.UPower.EnumerateDevices: object_path= /org/freedesktop/UPower: org.freedesktop.DBus.Error.ServiceUnknown: The name org.freedesktop.UPower was not provided by any .service files
[14213:14213:0901/115832.226410:INFO:CONSOLE(7)] "The key "max-scale" is not recognized and ignored.", source: https://cmangaog.com/user/game/dashboard (7)
[14213:14213:0901/115832.695595:INFO:CONSOLE(1)] "
It looks like you're using the development build of the Firebase JS SDK.
When deploying Firebase apps to production, it is advisable to only import
the individual SDK components you intend to use.

For the CDN builds, these are available in the following manner
(replace <PACKAGE> with the name of a component - i.e. auth, database, etc):

https://www.gstatic.com/firebasejs/5.0.0/firebase-<PACKAGE>.js
", source: https://www.gstatic.com/firebasejs/8.8.1/firebase.js (1)
[14213:14213:0901/115834.062197:INFO:CONSOLE(7)] "The key "max-scale" is not recognized and ignored.", source: https://cmangaog.com/user/game/dashboard (7)
[14213:14213:0901/115834.205013:INFO:CONSOLE(1)] "
It looks like you're using the development build of the Firebase JS SDK.
When deploying Firebase apps to production, it is advisable to only import
the individual SDK components you intend to use.

For the CDN builds, these are available in the following manner
(replace <PACKAGE> with the name of a component - i.e. auth, database, etc):

https://www.gstatic.com/firebasejs/5.0.0/firebase-<PACKAGE>.js
", source: https://www.gstatic.com/firebasejs/8.8.1/firebase.js (1)
[14213:14213:0901/120202.392343:INFO:CONSOLE(7)] "The key "max-scale" is not recognized and ignored.", source: https://cmangaog.com/user/game/dashboard (7)
[14213:14213:0901/120202.729276:INFO:CONSOLE(1)] "
It looks like you're using the development build of the Firebase JS SDK.
When deploying Firebase apps to production, it is advisable to only import
the individual SDK components you intend to use.

For the CDN builds, these are available in the following manner
(replace <PACKAGE> with the name of a component - i.e. auth, database, etc):

https://www.gstatic.com/firebasejs/5.0.0/firebase-<PACKAGE>.js
", source: https://www.gstatic.com/firebasejs/8.8.1/firebase.js (1)
[14250:14275:0901/120212.749841:WARNING:sqlite_persistent_store_backend_base.cc(198)] Failed to post task from FlushAndNotifyInBackground@net/extras/sqlite/sqlite_persistent_store_backend_base.cc:248 to client_task_runner_.
[14250:14275:0901/120212.749920:WARNING:sqlite_persistent_store_backend_base.cc(198)] Failed to post task from FlushAndNotifyInBackground@net/extras/sqlite/sqlite_persistent_store_backend_base.cc:248 to client_task_runner_.
[14213:14213:0901/120212.768451:WARNING:pref_notifier_impl.cc(41)] Pref observer for media_router.cast_allow_all_ips found at shutdown.
